<?xml version="1.0" encoding="UTF-8"?>
<!-- Generated by org.testng.reporters.JUnitReportReporter -->
<testsuite skipped="0" hostname="BHARATHI_V-PC" name="com.NetBanking.testCases.TC_AddCustomer_003" tests="1" failures="0" timestamp="2021-06-15T16:55:09 IST" time="16.064" errors="0">
  <testcase name="addNewCustomer" time="16.064" classname="com.NetBanking.testCases.TC_AddCustomer_003"/>
  <system-out/>
</testsuite> <!-- com.NetBanking.testCases.TC_AddCustomer_003 -->
