<?xml version="1.0" encoding="UTF-8"?>
<!-- Generated by org.testng.reporters.JUnitReportReporter -->
<testsuite skipped="0" hostname="BHARATHI_V-PC" name="com.NetBanking.testCases.TC_LoginTest_001" tests="1" failures="0" timestamp="2021-06-16T15:44:44 IST" time="2.519" errors="0">
  <testcase name="loginTest" time="2.519" classname="com.NetBanking.testCases.TC_LoginTest_001"/>
  <system-out/>
</testsuite> <!-- com.NetBanking.testCases.TC_LoginTest_001 -->
